<?xml version="1.0" encoding="UTF-8"?>
<testsuite xmlns:xsi="http://www.w3.org/2001/XMLSchema-instance" xsi:noNamespaceSchemaLocation="https://maven.apache.org/surefire/maven-surefire-plugin/xsd/surefire-test-report-3.0.xsd" version="3.0" name="com.iie.prog5121poe.LoginTest" time="0.053" tests="20" errors="0" skipped="0" failures="0">
  <properties>
[...]
</properties>
  <testcase name="testGetUserNameMessage_Invalid" classname="com.iie.prog5121poe.LoginTest" time="0.017"/>
  <testcase name="testReturnLoginStatus_Success" classname="com.iie.prog5121poe.LoginTest" time="0.002"/>
  <testcase name="testGetPasswordMessage_Invalid" classname="com.iie.prog5121poe.LoginTest" time="0.0"/>
  <testcase name="testCheckPasswordComplexity_Invalid" classname="com.iie.prog5121poe.LoginTest" time="0.001"/>
  <testcase name="testGetUserNameMessage_Valid" classname="com.iie.prog5121poe.LoginTest" time="0.0"/>
  <testcase name="testReturnLoginStatus_Failure" classname="com.iie.prog5121poe.LoginTest" time="0.001"/>
  <testcase name="testRegisterUser_Success" classname="com.iie.prog5121poe.LoginTest" time="0.001"/>
  <testcase name="testLoginUser_Success" classname="com.iie.prog5121poe.LoginTest" time="0.001"/>
  <testcase name="testCheckCellPhoneNumber_Valid" classname="com.iie.prog5121poe.LoginTest" time="0.001"/>
  <testcase name="testCheckPasswordComplexity_Valid" classname="com.iie.prog5121poe.LoginTest" time="0.001"/>
  <testcase name="testRegisterUser_InvalidUsername" classname="com.iie.prog5121poe.LoginTest" time="0.001"/>
  <testcase name="testRegisterUser_InvalidCellPhone" classname="com.iie.prog5121poe.LoginTest" time="0.001"/>
  <testcase name="testLoginUser_Failure" classname="com.iie.prog5121poe.LoginTest" time="0.0"/>
  <testcase name="testCheckUserName_Invalid" classname="com.iie.prog5121poe.LoginTest" time="0.0"/>
  <testcase name="testGetCellPhoneMessage_Valid" classname="com.iie.prog5121poe.LoginTest" time="0.0"/>
  <testcase name="testCheckCellPhoneNumber_Invalid" classname="com.iie.prog5121poe.LoginTest" time="0.0"/>
  <testcase name="testGetCellPhoneMessage_Invalid" classname="com.iie.prog5121poe.LoginTest" time="0.001"/>
  <testcase name="testGetPasswordMessage_Valid" classname="com.iie.prog5121poe.LoginTest" time="0.001"/>
  <testcase name="testRegisterUser_InvalidPassword" classname="com.iie.prog5121poe.LoginTest" time="0.001"/>
  <testcase name="testCheckUserName_Valid" classname="com.iie.prog5121poe.LoginTest" time="0.0"/>
</testsuite>